<?xml version="1.0" encoding="UTF-8"?>
<!-- Generated by org.testng.reporters.JUnitXMLReporter -->
<testsuite hostname="DIN37001770" ignored="0" name="Default test" tests="3" failures="0" timestamp="25 Jan 2019 11:09:51 GMT" time="41.667" errors="0">
  <testcase name="LoginPageTitleTest" time="0.026" classname="com.qa.testclasses.LoginPageTest"/>
  <testcase name="crmlogoImageTest" time="0.075" classname="com.qa.testclasses.LoginPageTest"/>
  <testcase name="loginTest" time="7.51" classname="com.qa.testclasses.LoginPageTest"/>
</testsuite> <!-- Default test -->
