<?xml version="1.0" encoding="UTF-8"?>
<!-- Generated by org.testng.reporters.JUnitXMLReporter -->
<testsuite hostname="DIN37001770" ignored="0" name="Default test" tests="3" failures="0" timestamp="24 Jan 2019 11:17:30 GMT" time="42.471" errors="0">
  <testcase name="LoginPageTitleTest" time="0.027" classname="com.qa.testclasses.LoginPageTest"/>
  <testcase name="crmlogoImageTest" time="0.065" classname="com.qa.testclasses.LoginPageTest"/>
  <testcase name="loginTest" time="6.742" classname="com.qa.testclasses.LoginPageTest"/>
</testsuite> <!-- Default test -->
