<?xml version="1.0" encoding="UTF-8"?>
<testng-results skipped="0" failed="0" ignored="0" total="3" passed="3">
  <reporter-output>
  </reporter-output>
  <suite name="Default suite" duration-ms="41667" started-at="2019-01-25T11:09:09Z" finished-at="2019-01-25T11:09:51Z">
    <groups>
    </groups>
    <test name="Default test" duration-ms="41667" started-at="2019-01-25T11:09:09Z" finished-at="2019-01-25T11:09:51Z">
      <class name="com.qa.testclasses.LoginPageTest">
        <test-method status="PASS" signature="setUP()[pri:0, instance:com.qa.testclasses.LoginPageTest@53b32d7]" name="setUP" is-config="true" duration-ms="11871" started-at="2019-01-25T16:39:09Z" finished-at="2019-01-25T16:39:21Z">
          <reporter-output>
          </reporter-output>
        </test-method> <!-- setUP -->
        <test-method status="PASS" signature="LoginPageTitleTest()[pri:1, instance:com.qa.testclasses.LoginPageTest@53b32d7]" name="LoginPageTitleTest" duration-ms="26" started-at="2019-01-25T16:39:21Z" finished-at="2019-01-25T16:39:21Z">
          <reporter-output>
          </reporter-output>
        </test-method> <!-- LoginPageTitleTest -->
        <test-method status="PASS" signature="tearDown()[pri:0, instance:com.qa.testclasses.LoginPageTest@53b32d7]" name="tearDown" is-config="true" duration-ms="804" started-at="2019-01-25T16:39:21Z" finished-at="2019-01-25T16:39:22Z">
          <reporter-output>
          </reporter-output>
        </test-method> <!-- tearDown -->
        <test-method status="PASS" signature="setUP()[pri:0, instance:com.qa.testclasses.LoginPageTest@53b32d7]" name="setUP" is-config="true" duration-ms="9776" started-at="2019-01-25T16:39:22Z" finished-at="2019-01-25T16:39:32Z">
          <reporter-output>
          </reporter-output>
        </test-method> <!-- setUP -->
        <test-method status="PASS" signature="crmlogoImageTest()[pri:2, instance:com.qa.testclasses.LoginPageTest@53b32d7]" name="crmlogoImageTest" duration-ms="75" started-at="2019-01-25T16:39:32Z" finished-at="2019-01-25T16:39:32Z">
          <reporter-output>
          </reporter-output>
        </test-method> <!-- crmlogoImageTest -->
        <test-method status="PASS" signature="tearDown()[pri:0, instance:com.qa.testclasses.LoginPageTest@53b32d7]" name="tearDown" is-config="true" duration-ms="773" started-at="2019-01-25T16:39:32Z" finished-at="2019-01-25T16:39:33Z">
          <reporter-output>
          </reporter-output>
        </test-method> <!-- tearDown -->
        <test-method status="PASS" signature="setUP()[pri:0, instance:com.qa.testclasses.LoginPageTest@53b32d7]" name="setUP" is-config="true" duration-ms="10046" started-at="2019-01-25T16:39:33Z" finished-at="2019-01-25T16:39:43Z">
          <reporter-output>
          </reporter-output>
        </test-method> <!-- setUP -->
        <test-method status="PASS" signature="loginTest()[pri:3, instance:com.qa.testclasses.LoginPageTest@53b32d7]" name="loginTest" duration-ms="7510" started-at="2019-01-25T16:39:43Z" finished-at="2019-01-25T16:39:50Z">
          <reporter-output>
          </reporter-output>
        </test-method> <!-- loginTest -->
        <test-method status="PASS" signature="tearDown()[pri:0, instance:com.qa.testclasses.LoginPageTest@53b32d7]" name="tearDown" is-config="true" duration-ms="756" started-at="2019-01-25T16:39:50Z" finished-at="2019-01-25T16:39:51Z">
          <reporter-output>
          </reporter-output>
        </test-method> <!-- tearDown -->
      </class> <!-- com.qa.testclasses.LoginPageTest -->
    </test> <!-- Default test -->
  </suite> <!-- Default suite -->
</testng-results>
