<?xml version="1.0" encoding="UTF-8"?>
<testng-results skipped="0" failed="0" ignored="0" total="3" passed="3">
  <reporter-output>
  </reporter-output>
  <suite name="Default suite" duration-ms="42471" started-at="2019-01-24T11:16:48Z" finished-at="2019-01-24T11:17:30Z">
    <groups>
    </groups>
    <test name="Default test" duration-ms="42471" started-at="2019-01-24T11:16:48Z" finished-at="2019-01-24T11:17:30Z">
      <class name="com.qa.testclasses.LoginPageTest">
        <test-method status="PASS" signature="setUP()[pri:0, instance:com.qa.testclasses.LoginPageTest@464bee09]" name="setUP" is-config="true" duration-ms="11776" started-at="2019-01-24T16:46:48Z" finished-at="2019-01-24T16:47:00Z">
          <reporter-output>
          </reporter-output>
        </test-method> <!-- setUP -->
        <test-method status="PASS" signature="LoginPageTitleTest()[pri:1, instance:com.qa.testclasses.LoginPageTest@464bee09]" name="LoginPageTitleTest" duration-ms="27" started-at="2019-01-24T16:47:00Z" finished-at="2019-01-24T16:47:00Z">
          <reporter-output>
          </reporter-output>
        </test-method> <!-- LoginPageTitleTest -->
        <test-method status="PASS" signature="tearDown()[pri:0, instance:com.qa.testclasses.LoginPageTest@464bee09]" name="tearDown" is-config="true" duration-ms="740" started-at="2019-01-24T16:47:00Z" finished-at="2019-01-24T16:47:01Z">
          <reporter-output>
          </reporter-output>
        </test-method> <!-- tearDown -->
        <test-method status="PASS" signature="setUP()[pri:0, instance:com.qa.testclasses.LoginPageTest@464bee09]" name="setUP" is-config="true" duration-ms="10593" started-at="2019-01-24T16:47:01Z" finished-at="2019-01-24T16:47:11Z">
          <reporter-output>
          </reporter-output>
        </test-method> <!-- setUP -->
        <test-method status="PASS" signature="crmlogoImageTest()[pri:2, instance:com.qa.testclasses.LoginPageTest@464bee09]" name="crmlogoImageTest" duration-ms="65" started-at="2019-01-24T16:47:11Z" finished-at="2019-01-24T16:47:11Z">
          <reporter-output>
          </reporter-output>
        </test-method> <!-- crmlogoImageTest -->
        <test-method status="PASS" signature="tearDown()[pri:0, instance:com.qa.testclasses.LoginPageTest@464bee09]" name="tearDown" is-config="true" duration-ms="719" started-at="2019-01-24T16:47:11Z" finished-at="2019-01-24T16:47:12Z">
          <reporter-output>
          </reporter-output>
        </test-method> <!-- tearDown -->
        <test-method status="PASS" signature="setUP()[pri:0, instance:com.qa.testclasses.LoginPageTest@464bee09]" name="setUP" is-config="true" duration-ms="11002" started-at="2019-01-24T16:47:12Z" finished-at="2019-01-24T16:47:23Z">
          <reporter-output>
          </reporter-output>
        </test-method> <!-- setUP -->
        <test-method status="PASS" signature="loginTest()[pri:3, instance:com.qa.testclasses.LoginPageTest@464bee09]" name="loginTest" duration-ms="6742" started-at="2019-01-24T16:47:23Z" finished-at="2019-01-24T16:47:30Z">
          <reporter-output>
          </reporter-output>
        </test-method> <!-- loginTest -->
        <test-method status="PASS" signature="tearDown()[pri:0, instance:com.qa.testclasses.LoginPageTest@464bee09]" name="tearDown" is-config="true" duration-ms="778" started-at="2019-01-24T16:47:30Z" finished-at="2019-01-24T16:47:30Z">
          <reporter-output>
          </reporter-output>
        </test-method> <!-- tearDown -->
      </class> <!-- com.qa.testclasses.LoginPageTest -->
    </test> <!-- Default test -->
  </suite> <!-- Default suite -->
</testng-results>
